<?xml version="1.0" encoding="UTF-8"?>
<testsuite xmlns:xsi="http://www.w3.org/2001/XMLSchema-instance" xsi:noNamespaceSchemaLocation="https://maven.apache.org/surefire/maven-surefire-plugin/xsd/surefire-test-report.xsd" name="com.example.AppTest" time="0.064" tests="6" errors="0" skipped="0" failures="0">
  <properties>
    <property name="java.specification.version" value="22"/>
    <property name="sun.cpu.isalist" value="amd64"/>
    <property name="sun.jnu.encoding" value="Cp1252"/>
    <property name="java.class.path" value="E:\Ticket-Machine-Testes\target\test-classes;E:\Ticket-Machine-Testes\target\classes;C:\Users\ADILSON\.m2\repository\junit\junit\4.11\junit-4.11.jar;C:\Users\ADILSON\.m2\repository\org\hamcrest\hamcrest-core\1.3\hamcrest-core-1.3.jar;"/>
    <property name="java.vm.vendor" value="Oracle Corporation"/>
    <property name="sun.arch.data.model" value="64"/>
    <property name="user.variant" value=""/>
    <property name="java.vendor.url" value="https://java.oracle.com/"/>
    <property name="user.timezone" value="America/Sao_Paulo"/>
    <property name="os.name" value="Windows 11"/>
    <property name="java.vm.specification.version" value="22"/>
    <property name="user.country" value="BR"/>
    <property name="sun.java.launcher" value="SUN_STANDARD"/>
    <property name="sun.boot.library.path" value="C:\Program Files\Java\jdk-22\bin"/>
    <property name="sun.java.command" value="C:\Users\ADILSON\AppData\Local\Temp\surefire13119938566107597290\surefirebooter3385673185996307788.jar C:\Users\ADILSON\AppData\Local\Temp\surefire13119938566107597290 2024-10-24T12-20-11_176-jvmRun1 surefire7989615615086149634tmp surefire_016920753043597579733tmp"/>
    <property name="jdk.debug" value="release"/>
    <property name="test" value="com.example.AppTest"/>
    <property name="surefire.test.class.path" value="E:\Ticket-Machine-Testes\target\test-classes;E:\Ticket-Machine-Testes\target\classes;C:\Users\ADILSON\.m2\repository\junit\junit\4.11\junit-4.11.jar;C:\Users\ADILSON\.m2\repository\org\hamcrest\hamcrest-core\1.3\hamcrest-core-1.3.jar;"/>
    <property name="sun.cpu.endian" value="little"/>
    <property name="user.home" value="C:\Users\ADILSON"/>
    <property name="user.language" value="pt"/>
    <property name="java.specification.vendor" value="Oracle Corporation"/>
    <property name="java.version.date" value="2024-04-16"/>
    <property name="java.home" value="C:\Program Files\Java\jdk-22"/>
    <property name="file.separator" value="\"/>
    <property name="basedir" value="E:\Ticket-Machine-Testes"/>
    <property name="java.vm.compressedOopsMode" value="Zero based"/>
    <property name="line.separator" value="&#10;"/>
    <property name="java.vm.specification.vendor" value="Oracle Corporation"/>
    <property name="java.specification.name" value="Java Platform API Specification"/>
    <property name="surefire.real.class.path" value="C:\Users\ADILSON\AppData\Local\Temp\surefire13119938566107597290\surefirebooter3385673185996307788.jar"/>
    <property name="user.script" value=""/>
    <property name="sun.management.compiler" value="HotSpot 64-Bit Tiered Compilers"/>
    <property name="java.runtime.version" value="22.0.1+8-16"/>
    <property name="user.name" value="ADILSON"/>
    <property name="stdout.encoding" value="Cp1252"/>
    <property name="path.separator" value=";"/>
    <property name="os.version" value="10.0"/>
    <property name="java.runtime.name" value="Java(TM) SE Runtime Environment"/>
    <property name="file.encoding" value="UTF-8"/>
    <property name="java.vm.name" value="Java HotSpot(TM) 64-Bit Server VM"/>
    <property name="maven.ext.class.path" value="C:\Users\ADILSON\.vscode\extensions\oracle.oracle-java-23.0.0\nbcode\java\maven-nblib\netbeans-eventspy.jar"/>
    <property name="localRepository" value="C:\Users\ADILSON\.m2\repository"/>
    <property name="java.vendor.url.bug" value="https://bugreport.java.com/bugreport/"/>
    <property name="java.io.tmpdir" value="C:\Users\ADILSON\AppData\Local\Temp\"/>
    <property name="java.version" value="22.0.1"/>
    <property name="user.dir" value="E:\Ticket-Machine-Testes"/>
    <property name="os.arch" value="amd64"/>
    <property name="java.vm.specification.name" value="Java Virtual Machine Specification"/>
    <property name="sun.os.patch.level" value=""/>
    <property name="native.encoding" value="Cp1252"/>
    <property name="java.library.path" value="C:\Program Files\Java\jdk-22\bin;C:\WINDOWS\Sun\Java\bin;C:\WINDOWS\system32;C:\WINDOWS;C:\Program Files\Common Files\Oracle\Java\javapath;C:\Program Files (x86)\Common Files\Oracle\Java\java8path;C:\Program Files (x86)\Common Files\Oracle\Java\javapath;C:\WINDOWS\system32;C:\WINDOWS;C:\WINDOWS\System32\Wbem;C:\WINDOWS\System32\WindowsPowerShell\v1.0\;C:\WINDOWS\System32\OpenSSH\;C:\Program Files\NVIDIA Corporation\NVIDIA NvDLISR;C:\Program Files (x86)\NVIDIA Corporation\PhysX\Common;C:\Program Files\Java\jdk-22\bin;C:\Users\ADILSON\Downloads\pyenv-win-master;C:\Users\ADILSON\Downloads\.pyenv\pyenv-win\bin;C:\Users\ADILSON\Downloads\.pyenv\pyenv-win\shims;C:\Program Files\Git\cmd;C:\Program Files\Git\mingw64\bin;C:\Program Files\Git\usr\bin;C:\Program Files\MongoDB\Server\7.0\bin;C:\Program Files\PostgreSQL\16\bin;C:\Users\ADILSON\AppData\Local\Programs\Python\Python312\Scripts\;C:\Users\ADILSON\AppData\Local\Programs\Python\Python312\;C:\Users\ADILSON\AppData\Local\Programs\Python\Launcher\;C:\Users\ADILSON\.pyenv\pyenv-win\bin;C:\Users\ADILSON\.pyenv\pyenv-win\shims;C:\Users\ADILSON\AppData\Local\Microsoft\WindowsApps;C:\Users\ADILSON\AppData\Local\Programs\Microsoft VS Code\bin;%USERPROFILE%\AppData\Local\Microsoft\WindowsApps;;."/>
    <property name="java.vm.info" value="mixed mode, sharing"/>
    <property name="stderr.encoding" value="Cp1252"/>
    <property name="java.vendor" value="Oracle Corporation"/>
    <property name="java.vm.version" value="22.0.1+8-16"/>
    <property name="sun.io.unicode.encoding" value="UnicodeLittle"/>
    <property name="java.class.version" value="66.0"/>
  </properties>
  <testcase name="InserirPapelMoedaInvalido" classname="com.example.AppTest" time="0.007"/>
  <testcase name="ImprimirTicketComSaldoZerado" classname="com.example.AppTest" time="0"/>
  <testcase name="shouldAnswerWithTrue" classname="com.example.AppTest" time="0"/>
  <testcase name="ImprimirTicketComSaldoInsuficiente" classname="com.example.AppTest" time="0"/>
  <testcase name="InserirPapelMoedaValido" classname="com.example.AppTest" time="0.001"/>
  <testcase name="ImprimirTicketComSaldoSuficiente" classname="com.example.AppTest" time="0.013"/>
</testsuite>